<?xml version="1.0" encoding="UTF-8"?>
<!-- Generated by org.testng.reporters.JUnitReportReporter -->
<testsuite hostname="DESKTOP-3I3FL5S" failures="0" tests="2" name="com.candidatepsi.cases.RegisterForExamination" time="14.244" errors="0" timestamp="2021-07-09T08:54:44 IST" skipped="0">
  <testcase classname="com.candidatepsi.cases.RegisterForExamination" name="Username_or_password_invalid" time="7.927"/>
  <system-out/>
  <testcase classname="com.candidatepsi.cases.RegisterForExamination" name="Signin" time="6.317"/>
  <system-out/>
</testsuite> <!-- com.candidatepsi.cases.RegisterForExamination -->
