<?xml version="1.0" encoding="UTF-8"?>
<!-- Generated by org.testng.reporters.JUnitReportReporter -->
<testsuite hostname="DESKTOP-3I3FL5S" failures="0" tests="2" name="com.candidatepsi.cases.RegisterForExamination" time="17.460" errors="0" timestamp="2021-07-12T09:04:47 IST" skipped="0">
  <testcase classname="com.candidatepsi.cases.RegisterForExamination" name="Username_or_password_invalid" time="9.175"/>
  <system-out/>
  <testcase classname="com.candidatepsi.cases.RegisterForExamination" name="Signin" time="8.285"/>
  <system-out/>
</testsuite> <!-- com.candidatepsi.cases.RegisterForExamination -->
