<?xml version="1.0" encoding="UTF-8"?>
<!-- Generated by org.testng.reporters.JUnitReportReporter -->
<testsuite hostname="DESKTOP-3I3FL5S" failures="0" tests="2" name="com.candidatepsi.cases.CreateAnAccount" time="20.834" errors="0" timestamp="2021-07-12T09:04:47 IST" skipped="0">
  <testcase classname="com.candidatepsi.cases.CreateAnAccount" name="validate_error_message_mandatory_fields" time="0.336"/>
  <system-out/>
  <testcase classname="com.candidatepsi.cases.CreateAnAccount" name="valid_mail" time="20.498"/>
  <system-out/>
</testsuite> <!-- com.candidatepsi.cases.CreateAnAccount -->
