<?xml version="1.0" encoding="UTF-8"?>
<!-- Generated by org.testng.reporters.JUnitReportReporter -->
<testsuite hostname="DESKTOP-3I3FL5S" failures="0" tests="2" name="com.candidatepsi.cases.RegisterForExamination" time="14.940" errors="0" timestamp="2021-07-12T09:24:28 IST" skipped="0">
  <testcase classname="com.candidatepsi.cases.RegisterForExamination" name="Username_or_password_invalid" time="8.192"/>
  <system-out/>
  <testcase classname="com.candidatepsi.cases.RegisterForExamination" name="Signin" time="6.748"/>
  <system-out/>
</testsuite> <!-- com.candidatepsi.cases.RegisterForExamination -->
